<?xml version="1.0" encoding="utf-8"?><testsuites><testsuite name="pytest" errors="0" failures="0" skipped="38" tests="267" time="1.099" timestamp="2025-05-26T07:06:53.285031" hostname="eefb5b8f61bc"><testcase classname="tests.test_interfaces.yaml.TestNapalmInterfaces" name="test_is_enabled[r01_0]" time="0.022" /><testcase classname="tests.test_interfaces.yaml.TestNapalmInterfaces" name="test_is_enabled[r01_1]" time="0.000" /><testcase classname="tests.test_interfaces.yaml.TestNapalmInterfaces" name="test_is_enabled[r02_0]" time="0.000" /><testcase classname="tests.test_interfaces.yaml.TestNapalmInterfaces" name="test_is_enabled[r02_1]" time="0.000" /><testcase classname="tests.test_interfaces.yaml.TestNapalmInterfaces" name="test_is_enabled[r02_2]" time="0.000" /><testcase classname="tests.test_interfaces.yaml.TestNapalmInterfaces" name="test_is_enabled[r02_3]" time="0.000" /><testcase classname="tests.test_interfaces.yaml.TestNapalmInterfaces" name="test_is_enabled[r02_4]" time="0.000" /><testcase classname="tests.test_interfaces.yaml.TestNapalmInterfaces" name="test_is_enabled[r03_0]" time="0.000" /><testcase classname="tests.test_interfaces.yaml.TestNapalmInterfaces" name="test_is_enabled[r03_1]" time="0.000" /><testcase classname="tests.test_interfaces.yaml.TestNapalmInterfaces" name="test_is_enabled[r03_2]" time="0.000" /><testcase classname="tests.test_interfaces.yaml.TestNapalmInterfaces" name="test_is_enabled[r03_3]" time="0.000" /><testcase classname="tests.test_interfaces.yaml.TestNapalmInterfaces" name="test_is_enabled[r03_4]" time="0.000" /><testcase classname="tests.test_interfaces.yaml.TestNapalmInterfaces" name="test_is_enabled[r04_0]" time="0.000" /><testcase classname="tests.test_interfaces.yaml.TestNapalmInterfaces" name="test_is_enabled[r04_1]" time="0.000" /><testcase classname="tests.test_interfaces.yaml.TestNapalmInterfaces" name="test_is_enabled[r04_2]" time="0.000" /><testcase classname="tests.test_interfaces.yaml.TestNapalmInterfaces" name="test_is_enabled[r04_3]" time="0.001" /><testcase classname="tests.test_interfaces.yaml.TestNapalmInterfaces" name="test_is_enabled[r04_4]" time="0.000" /><testcase classname="tests.test_interfaces.yaml.TestNapalmInterfaces" name="test_is_enabled[r05_0]" time="0.000" /><testcase classname="tests.test_interfaces.yaml.TestNapalmInterfaces" name="test_is_enabled[r05_1]" time="0.001" /><testcase classname="tests.test_interfaces.yaml.TestNapalmInterfaces" name="test_is_enabled[r05_2]" time="0.001" /><testcase classname="tests.test_interfaces.yaml.TestNapalmInterfaces" name="test_is_enabled[r05_3]" time="0.000" /><testcase classname="tests.test_interfaces.yaml.TestNapalmInterfaces" name="test_is_enabled[r05_4]" time="0.000" /><testcase classname="tests.test_interfaces.yaml.TestNapalmInterfaces" name="test_is_enabled[r06_0]" time="0.000" /><testcase classname="tests.test_interfaces.yaml.TestNapalmInterfaces" name="test_is_enabled[r06_1]" time="0.000" /><testcase classname="tests.test_interfaces.yaml.TestNapalmInterfaces" name="test_is_enabled[r06_2]" time="0.000" /><testcase classname="tests.test_interfaces.yaml.TestNapalmInterfaces" name="test_is_enabled[r07_0]" time="0.000" /><testcase classname="tests.test_interfaces.yaml.TestNapalmInterfaces" name="test_is_enabled[r07_1]" time="0.000" /><testcase classname="tests.test_interfaces.yaml.TestNapalmInterfaces" name="test_is_enabled[r07_2]" time="0.000" /><testcase classname="tests.test_interfaces.yaml.TestNapalmInterfaces" name="test_is_enabled[r08_0]" time="0.000" /><testcase classname="tests.test_interfaces.yaml.TestNapalmInterfaces" name="test_is_enabled[r08_1]" time="0.000" /><testcase classname="tests.test_interfaces.yaml.TestNapalmInterfaces" name="test_is_enabled[r08_2]" time="0.000" /><testcase classname="tests.test_interfaces.yaml.TestNapalmInterfaces" name="test_is_enabled[r08_3]" time="0.000" /><testcase classname="tests.test_interfaces.yaml.TestNapalmInterfaces" name="test_is_enabled[r09_0]" time="0.000" /><testcase classname="tests.test_interfaces.yaml.TestNapalmInterfaces" name="test_is_enabled[r09_1]" time="0.000" /><testcase classname="tests.test_interfaces.yaml.TestNapalmInterfaces" name="test_is_enabled[r09_2]" time="0.001" /><testcase classname="tests.test_interfaces.yaml.TestNapalmInterfaces" name="test_is_enabled[r09_3]" time="0.000" /><testcase classname="tests.test_interfaces.yaml.TestNapalmInterfaces" name="test_is_enabled[r10_0]" time="0.000" /><testcase classname="tests.test_interfaces.yaml.TestNapalmInterfaces" name="test_is_enabled[r10_1]" time="0.000" /><testcase classname="tests.test_interfaces.yaml.TestNapalmInterfaces" name="test_is_up[r01_0]" time="0.000" /><testcase classname="tests.test_interfaces.yaml.TestNapalmInterfaces" name="test_is_up[r01_1]" time="0.000" /><testcase classname="tests.test_interfaces.yaml.TestNapalmInterfaces" name="test_is_up[r02_0]" time="0.000" /><testcase classname="tests.test_interfaces.yaml.TestNapalmInterfaces" name="test_is_up[r02_1]" time="0.001" /><testcase classname="tests.test_interfaces.yaml.TestNapalmInterfaces" name="test_is_up[r02_2]" time="0.000" /><testcase classname="tests.test_interfaces.yaml.TestNapalmInterfaces" name="test_is_up[r02_3]" time="0.000" /><testcase classname="tests.test_interfaces.yaml.TestNapalmInterfaces" name="test_is_up[r02_4]" time="0.000" /><testcase classname="tests.test_interfaces.yaml.TestNapalmInterfaces" name="test_is_up[r03_0]" time="0.000" /><testcase classname="tests.test_interfaces.yaml.TestNapalmInterfaces" name="test_is_up[r03_1]" time="0.000" /><testcase classname="tests.test_interfaces.yaml.TestNapalmInterfaces" name="test_is_up[r03_2]" time="0.000" /><testcase classname="tests.test_interfaces.yaml.TestNapalmInterfaces" name="test_is_up[r03_3]" time="0.001" /><testcase classname="tests.test_interfaces.yaml.TestNapalmInterfaces" name="test_is_up[r03_4]" time="0.001" /><testcase classname="tests.test_interfaces.yaml.TestNapalmInterfaces" name="test_is_up[r04_0]" time="0.000" /><testcase classname="tests.test_interfaces.yaml.TestNapalmInterfaces" name="test_is_up[r04_1]" time="0.000" /><testcase classname="tests.test_interfaces.yaml.TestNapalmInterfaces" name="test_is_up[r04_2]" time="0.000" /><testcase classname="tests.test_interfaces.yaml.TestNapalmInterfaces" name="test_is_up[r04_3]" time="0.001" /><testcase classname="tests.test_interfaces.yaml.TestNapalmInterfaces" name="test_is_up[r04_4]" time="0.000" /><testcase classname="tests.test_interfaces.yaml.TestNapalmInterfaces" name="test_is_up[r05_0]" time="0.000" /><testcase classname="tests.test_interfaces.yaml.TestNapalmInterfaces" name="test_is_up[r05_1]" time="0.000" /><testcase classname="tests.test_interfaces.yaml.TestNapalmInterfaces" name="test_is_up[r05_2]" time="0.000" /><testcase classname="tests.test_interfaces.yaml.TestNapalmInterfaces" name="test_is_up[r05_3]" time="0.001" /><testcase classname="tests.test_interfaces.yaml.TestNapalmInterfaces" name="test_is_up[r05_4]" time="0.000" /><testcase classname="tests.test_interfaces.yaml.TestNapalmInterfaces" name="test_is_up[r06_0]" time="0.000" /><testcase classname="tests.test_interfaces.yaml.TestNapalmInterfaces" name="test_is_up[r06_1]" time="0.000" /><testcase classname="tests.test_interfaces.yaml.TestNapalmInterfaces" name="test_is_up[r06_2]" time="0.001" /><testcase classname="tests.test_interfaces.yaml.TestNapalmInterfaces" name="test_is_up[r07_0]" time="0.000" /><testcase classname="tests.test_interfaces.yaml.TestNapalmInterfaces" name="test_is_up[r07_1]" time="0.000" /><testcase classname="tests.test_interfaces.yaml.TestNapalmInterfaces" name="test_is_up[r07_2]" time="0.000" /><testcase classname="tests.test_interfaces.yaml.TestNapalmInterfaces" name="test_is_up[r08_0]" time="0.000" /><testcase classname="tests.test_interfaces.yaml.TestNapalmInterfaces" name="test_is_up[r08_1]" time="0.000" /><testcase classname="tests.test_interfaces.yaml.TestNapalmInterfaces" name="test_is_up[r08_2]" time="0.000" /><testcase classname="tests.test_interfaces.yaml.TestNapalmInterfaces" name="test_is_up[r08_3]" time="0.000" /><testcase classname="tests.test_interfaces.yaml.TestNapalmInterfaces" name="test_is_up[r09_0]" time="0.000" /><testcase classname="tests.test_interfaces.yaml.TestNapalmInterfaces" name="test_is_up[r09_1]" time="0.000" /><testcase classname="tests.test_interfaces.yaml.TestNapalmInterfaces" name="test_is_up[r09_2]" time="0.000" /><testcase classname="tests.test_interfaces.yaml.TestNapalmInterfaces" name="test_is_up[r09_3]" time="0.000" /><testcase classname="tests.test_interfaces.yaml.TestNapalmInterfaces" name="test_is_up[r10_0]" time="0.000" /><testcase classname="tests.test_interfaces.yaml.TestNapalmInterfaces" name="test_is_up[r10_1]" time="0.000" /><testcase classname="tests.test_interfaces.yaml.TestNapalmInterfaces" name="test_mac_address[r01_0]" time="0.000"><skipped type="pytest.skip" message="required values {'mac_address'} not present in test-bundle">/workspaces/naf_workshop_nuts_lab/.venv/lib/python3.11/site-packages/nuts/base_tests/napalm_interfaces.py:43: required values {'mac_address'} not present in test-bundle</skipped></testcase><testcase classname="tests.test_interfaces.yaml.TestNapalmInterfaces" name="test_mac_address[r01_1]" time="0.000"><skipped type="pytest.skip" message="required values {'mac_address'} not present in test-bundle">/workspaces/naf_workshop_nuts_lab/.venv/lib/python3.11/site-packages/nuts/base_tests/napalm_interfaces.py:43: required values {'mac_address'} not present in test-bundle</skipped></testcase><testcase classname="tests.test_interfaces.yaml.TestNapalmInterfaces" name="test_mac_address[r02_0]" time="0.000"><skipped type="pytest.skip" message="required values {'mac_address'} not present in test-bundle">/workspaces/naf_workshop_nuts_lab/.venv/lib/python3.11/site-packages/nuts/base_tests/napalm_interfaces.py:43: required values {'mac_address'} not present in test-bundle</skipped></testcase><testcase classname="tests.test_interfaces.yaml.TestNapalmInterfaces" name="test_mac_address[r02_1]" time="0.000"><skipped type="pytest.skip" message="required values {'mac_address'} not present in test-bundle">/workspaces/naf_workshop_nuts_lab/.venv/lib/python3.11/site-packages/nuts/base_tests/napalm_interfaces.py:43: required values {'mac_address'} not present in test-bundle</skipped></testcase><testcase classname="tests.test_interfaces.yaml.TestNapalmInterfaces" name="test_mac_address[r02_2]" time="0.000"><skipped type="pytest.skip" message="required values {'mac_address'} not present in test-bundle">/workspaces/naf_workshop_nuts_lab/.venv/lib/python3.11/site-packages/nuts/base_tests/napalm_interfaces.py:43: required values {'mac_address'} not present in test-bundle</skipped></testcase><testcase classname="tests.test_interfaces.yaml.TestNapalmInterfaces" name="test_mac_address[r02_3]" time="0.000"><skipped type="pytest.skip" message="required values {'mac_address'} not present in test-bundle">/workspaces/naf_workshop_nuts_lab/.venv/lib/python3.11/site-packages/nuts/base_tests/napalm_interfaces.py:43: required values {'mac_address'} not present in test-bundle</skipped></testcase><testcase classname="tests.test_interfaces.yaml.TestNapalmInterfaces" name="test_mac_address[r02_4]" time="0.000"><skipped type="pytest.skip" message="required values {'mac_address'} not present in test-bundle">/workspaces/naf_workshop_nuts_lab/.venv/lib/python3.11/site-packages/nuts/base_tests/napalm_interfaces.py:43: required values {'mac_address'} not present in test-bundle</skipped></testcase><testcase classname="tests.test_interfaces.yaml.TestNapalmInterfaces" name="test_mac_address[r03_0]" time="0.000"><skipped type="pytest.skip" message="required values {'mac_address'} not present in test-bundle">/workspaces/naf_workshop_nuts_lab/.venv/lib/python3.11/site-packages/nuts/base_tests/napalm_interfaces.py:43: required values {'mac_address'} not present in test-bundle</skipped></testcase><testcase classname="tests.test_interfaces.yaml.TestNapalmInterfaces" name="test_mac_address[r03_1]" time="0.000"><skipped type="pytest.skip" message="required values {'mac_address'} not present in test-bundle">/workspaces/naf_workshop_nuts_lab/.venv/lib/python3.11/site-packages/nuts/base_tests/napalm_interfaces.py:43: required values {'mac_address'} not present in test-bundle</skipped></testcase><testcase classname="tests.test_interfaces.yaml.TestNapalmInterfaces" name="test_mac_address[r03_2]" time="0.000"><skipped type="pytest.skip" message="required values {'mac_address'} not present in test-bundle">/workspaces/naf_workshop_nuts_lab/.venv/lib/python3.11/site-packages/nuts/base_tests/napalm_interfaces.py:43: required values {'mac_address'} not present in test-bundle</skipped></testcase><testcase classname="tests.test_interfaces.yaml.TestNapalmInterfaces" name="test_mac_address[r03_3]" time="0.000"><skipped type="pytest.skip" message="required values {'mac_address'} not present in test-bundle">/workspaces/naf_workshop_nuts_lab/.venv/lib/python3.11/site-packages/nuts/base_tests/napalm_interfaces.py:43: required values {'mac_address'} not present in test-bundle</skipped></testcase><testcase classname="tests.test_interfaces.yaml.TestNapalmInterfaces" name="test_mac_address[r03_4]" time="0.000"><skipped type="pytest.skip" message="required values {'mac_address'} not present in test-bundle">/workspaces/naf_workshop_nuts_lab/.venv/lib/python3.11/site-packages/nuts/base_tests/napalm_interfaces.py:43: required values {'mac_address'} not present in test-bundle</skipped></testcase><testcase classname="tests.test_interfaces.yaml.TestNapalmInterfaces" name="test_mac_address[r04_0]" time="0.000"><skipped type="pytest.skip" message="required values {'mac_address'} not present in test-bundle">/workspaces/naf_workshop_nuts_lab/.venv/lib/python3.11/site-packages/nuts/base_tests/napalm_interfaces.py:43: required values {'mac_address'} not present in test-bundle</skipped></testcase><testcase classname="tests.test_interfaces.yaml.TestNapalmInterfaces" name="test_mac_address[r04_1]" time="0.000"><skipped type="pytest.skip" message="required values {'mac_address'} not present in test-bundle">/workspaces/naf_workshop_nuts_lab/.venv/lib/python3.11/site-packages/nuts/base_tests/napalm_interfaces.py:43: required values {'mac_address'} not present in test-bundle</skipped></testcase><testcase classname="tests.test_interfaces.yaml.TestNapalmInterfaces" name="test_mac_address[r04_2]" time="0.000"><skipped type="pytest.skip" message="required values {'mac_address'} not present in test-bundle">/workspaces/naf_workshop_nuts_lab/.venv/lib/python3.11/site-packages/nuts/base_tests/napalm_interfaces.py:43: required values {'mac_address'} not present in test-bundle</skipped></testcase><testcase classname="tests.test_interfaces.yaml.TestNapalmInterfaces" name="test_mac_address[r04_3]" time="0.000"><skipped type="pytest.skip" message="required values {'mac_address'} not present in test-bundle">/workspaces/naf_workshop_nuts_lab/.venv/lib/python3.11/site-packages/nuts/base_tests/napalm_interfaces.py:43: required values {'mac_address'} not present in test-bundle</skipped></testcase><testcase classname="tests.test_interfaces.yaml.TestNapalmInterfaces" name="test_mac_address[r04_4]" time="0.000"><skipped type="pytest.skip" message="required values {'mac_address'} not present in test-bundle">/workspaces/naf_workshop_nuts_lab/.venv/lib/python3.11/site-packages/nuts/base_tests/napalm_interfaces.py:43: required values {'mac_address'} not present in test-bundle</skipped></testcase><testcase classname="tests.test_interfaces.yaml.TestNapalmInterfaces" name="test_mac_address[r05_0]" time="0.000"><skipped type="pytest.skip" message="required values {'mac_address'} not present in test-bundle">/workspaces/naf_workshop_nuts_lab/.venv/lib/python3.11/site-packages/nuts/base_tests/napalm_interfaces.py:43: required values {'mac_address'} not present in test-bundle</skipped></testcase><testcase classname="tests.test_interfaces.yaml.TestNapalmInterfaces" name="test_mac_address[r05_1]" time="0.000"><skipped type="pytest.skip" message="required values {'mac_address'} not present in test-bundle">/workspaces/naf_workshop_nuts_lab/.venv/lib/python3.11/site-packages/nuts/base_tests/napalm_interfaces.py:43: required values {'mac_address'} not present in test-bundle</skipped></testcase><testcase classname="tests.test_interfaces.yaml.TestNapalmInterfaces" name="test_mac_address[r05_2]" time="0.000"><skipped type="pytest.skip" message="required values {'mac_address'} not present in test-bundle">/workspaces/naf_workshop_nuts_lab/.venv/lib/python3.11/site-packages/nuts/base_tests/napalm_interfaces.py:43: required values {'mac_address'} not present in test-bundle</skipped></testcase><testcase classname="tests.test_interfaces.yaml.TestNapalmInterfaces" name="test_mac_address[r05_3]" time="0.000"><skipped type="pytest.skip" message="required values {'mac_address'} not present in test-bundle">/workspaces/naf_workshop_nuts_lab/.venv/lib/python3.11/site-packages/nuts/base_tests/napalm_interfaces.py:43: required values {'mac_address'} not present in test-bundle</skipped></testcase><testcase classname="tests.test_interfaces.yaml.TestNapalmInterfaces" name="test_mac_address[r05_4]" time="0.000"><skipped type="pytest.skip" message="required values {'mac_address'} not present in test-bundle">/workspaces/naf_workshop_nuts_lab/.venv/lib/python3.11/site-packages/nuts/base_tests/napalm_interfaces.py:43: required values {'mac_address'} not present in test-bundle</skipped></testcase><testcase classname="tests.test_interfaces.yaml.TestNapalmInterfaces" name="test_mac_address[r06_0]" time="0.000"><skipped type="pytest.skip" message="required values {'mac_address'} not present in test-bundle">/workspaces/naf_workshop_nuts_lab/.venv/lib/python3.11/site-packages/nuts/base_tests/napalm_interfaces.py:43: required values {'mac_address'} not present in test-bundle</skipped></testcase><testcase classname="tests.test_interfaces.yaml.TestNapalmInterfaces" name="test_mac_address[r06_1]" time="0.000"><skipped type="pytest.skip" message="required values {'mac_address'} not present in test-bundle">/workspaces/naf_workshop_nuts_lab/.venv/lib/python3.11/site-packages/nuts/base_tests/napalm_interfaces.py:43: required values {'mac_address'} not present in test-bundle</skipped></testcase><testcase classname="tests.test_interfaces.yaml.TestNapalmInterfaces" name="test_mac_address[r06_2]" time="0.000"><skipped type="pytest.skip" message="required values {'mac_address'} not present in test-bundle">/workspaces/naf_workshop_nuts_lab/.venv/lib/python3.11/site-packages/nuts/base_tests/napalm_interfaces.py:43: required values {'mac_address'} not present in test-bundle</skipped></testcase><testcase classname="tests.test_interfaces.yaml.TestNapalmInterfaces" name="test_mac_address[r07_0]" time="0.000"><skipped type="pytest.skip" message="required values {'mac_address'} not present in test-bundle">/workspaces/naf_workshop_nuts_lab/.venv/lib/python3.11/site-packages/nuts/base_tests/napalm_interfaces.py:43: required values {'mac_address'} not present in test-bundle</skipped></testcase><testcase classname="tests.test_interfaces.yaml.TestNapalmInterfaces" name="test_mac_address[r07_1]" time="0.000"><skipped type="pytest.skip" message="required values {'mac_address'} not present in test-bundle">/workspaces/naf_workshop_nuts_lab/.venv/lib/python3.11/site-packages/nuts/base_tests/napalm_interfaces.py:43: required values {'mac_address'} not present in test-bundle</skipped></testcase><testcase classname="tests.test_interfaces.yaml.TestNapalmInterfaces" name="test_mac_address[r07_2]" time="0.000"><skipped type="pytest.skip" message="required values {'mac_address'} not present in test-bundle">/workspaces/naf_workshop_nuts_lab/.venv/lib/python3.11/site-packages/nuts/base_tests/napalm_interfaces.py:43: required values {'mac_address'} not present in test-bundle</skipped></testcase><testcase classname="tests.test_interfaces.yaml.TestNapalmInterfaces" name="test_mac_address[r08_0]" time="0.000"><skipped type="pytest.skip" message="required values {'mac_address'} not present in test-bundle">/workspaces/naf_workshop_nuts_lab/.venv/lib/python3.11/site-packages/nuts/base_tests/napalm_interfaces.py:43: required values {'mac_address'} not present in test-bundle</skipped></testcase><testcase classname="tests.test_interfaces.yaml.TestNapalmInterfaces" name="test_mac_address[r08_1]" time="0.000"><skipped type="pytest.skip" message="required values {'mac_address'} not present in test-bundle">/workspaces/naf_workshop_nuts_lab/.venv/lib/python3.11/site-packages/nuts/base_tests/napalm_interfaces.py:43: required values {'mac_address'} not present in test-bundle</skipped></testcase><testcase classname="tests.test_interfaces.yaml.TestNapalmInterfaces" name="test_mac_address[r08_2]" time="0.000"><skipped type="pytest.skip" message="required values {'mac_address'} not present in test-bundle">/workspaces/naf_workshop_nuts_lab/.venv/lib/python3.11/site-packages/nuts/base_tests/napalm_interfaces.py:43: required values {'mac_address'} not present in test-bundle</skipped></testcase><testcase classname="tests.test_interfaces.yaml.TestNapalmInterfaces" name="test_mac_address[r08_3]" time="0.000"><skipped type="pytest.skip" message="required values {'mac_address'} not present in test-bundle">/workspaces/naf_workshop_nuts_lab/.venv/lib/python3.11/site-packages/nuts/base_tests/napalm_interfaces.py:43: required values {'mac_address'} not present in test-bundle</skipped></testcase><testcase classname="tests.test_interfaces.yaml.TestNapalmInterfaces" name="test_mac_address[r09_0]" time="0.000"><skipped type="pytest.skip" message="required values {'mac_address'} not present in test-bundle">/workspaces/naf_workshop_nuts_lab/.venv/lib/python3.11/site-packages/nuts/base_tests/napalm_interfaces.py:43: required values {'mac_address'} not present in test-bundle</skipped></testcase><testcase classname="tests.test_interfaces.yaml.TestNapalmInterfaces" name="test_mac_address[r09_1]" time="0.000"><skipped type="pytest.skip" message="required values {'mac_address'} not present in test-bundle">/workspaces/naf_workshop_nuts_lab/.venv/lib/python3.11/site-packages/nuts/base_tests/napalm_interfaces.py:43: required values {'mac_address'} not present in test-bundle</skipped></testcase><testcase classname="tests.test_interfaces.yaml.TestNapalmInterfaces" name="test_mac_address[r09_2]" time="0.000"><skipped type="pytest.skip" message="required values {'mac_address'} not present in test-bundle">/workspaces/naf_workshop_nuts_lab/.venv/lib/python3.11/site-packages/nuts/base_tests/napalm_interfaces.py:43: required values {'mac_address'} not present in test-bundle</skipped></testcase><testcase classname="tests.test_interfaces.yaml.TestNapalmInterfaces" name="test_mac_address[r09_3]" time="0.000"><skipped type="pytest.skip" message="required values {'mac_address'} not present in test-bundle">/workspaces/naf_workshop_nuts_lab/.venv/lib/python3.11/site-packages/nuts/base_tests/napalm_interfaces.py:43: required values {'mac_address'} not present in test-bundle</skipped></testcase><testcase classname="tests.test_interfaces.yaml.TestNapalmInterfaces" name="test_mac_address[r10_0]" time="0.000"><skipped type="pytest.skip" message="required values {'mac_address'} not present in test-bundle">/workspaces/naf_workshop_nuts_lab/.venv/lib/python3.11/site-packages/nuts/base_tests/napalm_interfaces.py:43: required values {'mac_address'} not present in test-bundle</skipped></testcase><testcase classname="tests.test_interfaces.yaml.TestNapalmInterfaces" name="test_mac_address[r10_1]" time="0.000"><skipped type="pytest.skip" message="required values {'mac_address'} not present in test-bundle">/workspaces/naf_workshop_nuts_lab/.venv/lib/python3.11/site-packages/nuts/base_tests/napalm_interfaces.py:43: required values {'mac_address'} not present in test-bundle</skipped></testcase><testcase classname="tests.test_interfaces.yaml.TestNapalmInterfaces" name="test_mtu[r01_0]" time="0.000" /><testcase classname="tests.test_interfaces.yaml.TestNapalmInterfaces" name="test_mtu[r01_1]" time="0.000" /><testcase classname="tests.test_interfaces.yaml.TestNapalmInterfaces" name="test_mtu[r02_0]" time="0.000" /><testcase classname="tests.test_interfaces.yaml.TestNapalmInterfaces" name="test_mtu[r02_1]" time="0.000" /><testcase classname="tests.test_interfaces.yaml.TestNapalmInterfaces" name="test_mtu[r02_2]" time="0.000" /><testcase classname="tests.test_interfaces.yaml.TestNapalmInterfaces" name="test_mtu[r02_3]" time="0.000" /><testcase classname="tests.test_interfaces.yaml.TestNapalmInterfaces" name="test_mtu[r02_4]" time="0.000" /><testcase classname="tests.test_interfaces.yaml.TestNapalmInterfaces" name="test_mtu[r03_0]" time="0.000" /><testcase classname="tests.test_interfaces.yaml.TestNapalmInterfaces" name="test_mtu[r03_1]" time="0.000" /><testcase classname="tests.test_interfaces.yaml.TestNapalmInterfaces" name="test_mtu[r03_2]" time="0.000" /><testcase classname="tests.test_interfaces.yaml.TestNapalmInterfaces" name="test_mtu[r03_3]" time="0.001" /><testcase classname="tests.test_interfaces.yaml.TestNapalmInterfaces" name="test_mtu[r03_4]" time="0.000" /><testcase classname="tests.test_interfaces.yaml.TestNapalmInterfaces" name="test_mtu[r04_0]" time="0.000" /><testcase classname="tests.test_interfaces.yaml.TestNapalmInterfaces" name="test_mtu[r04_1]" time="0.000" /><testcase classname="tests.test_interfaces.yaml.TestNapalmInterfaces" name="test_mtu[r04_2]" time="0.000" /><testcase classname="tests.test_interfaces.yaml.TestNapalmInterfaces" name="test_mtu[r04_3]" time="0.000" /><testcase classname="tests.test_interfaces.yaml.TestNapalmInterfaces" name="test_mtu[r04_4]" time="0.000" /><testcase classname="tests.test_interfaces.yaml.TestNapalmInterfaces" name="test_mtu[r05_0]" time="0.000" /><testcase classname="tests.test_interfaces.yaml.TestNapalmInterfaces" name="test_mtu[r05_1]" time="0.000" /><testcase classname="tests.test_interfaces.yaml.TestNapalmInterfaces" name="test_mtu[r05_2]" time="0.000" /><testcase classname="tests.test_interfaces.yaml.TestNapalmInterfaces" name="test_mtu[r05_3]" time="0.000" /><testcase classname="tests.test_interfaces.yaml.TestNapalmInterfaces" name="test_mtu[r05_4]" time="0.000" /><testcase classname="tests.test_interfaces.yaml.TestNapalmInterfaces" name="test_mtu[r06_0]" time="0.001" /><testcase classname="tests.test_interfaces.yaml.TestNapalmInterfaces" name="test_mtu[r06_1]" time="0.000" /><testcase classname="tests.test_interfaces.yaml.TestNapalmInterfaces" name="test_mtu[r06_2]" time="0.000" /><testcase classname="tests.test_interfaces.yaml.TestNapalmInterfaces" name="test_mtu[r07_0]" time="0.000" /><testcase classname="tests.test_interfaces.yaml.TestNapalmInterfaces" name="test_mtu[r07_1]" time="0.000" /><testcase classname="tests.test_interfaces.yaml.TestNapalmInterfaces" name="test_mtu[r07_2]" time="0.000" /><testcase classname="tests.test_interfaces.yaml.TestNapalmInterfaces" name="test_mtu[r08_0]" time="0.000" /><testcase classname="tests.test_interfaces.yaml.TestNapalmInterfaces" name="test_mtu[r08_1]" time="0.000" /><testcase classname="tests.test_interfaces.yaml.TestNapalmInterfaces" name="test_mtu[r08_2]" time="0.000" /><testcase classname="tests.test_interfaces.yaml.TestNapalmInterfaces" name="test_mtu[r08_3]" time="0.000" /><testcase classname="tests.test_interfaces.yaml.TestNapalmInterfaces" name="test_mtu[r09_0]" time="0.000" /><testcase classname="tests.test_interfaces.yaml.TestNapalmInterfaces" name="test_mtu[r09_1]" time="0.000" /><testcase classname="tests.test_interfaces.yaml.TestNapalmInterfaces" name="test_mtu[r09_2]" time="0.000" /><testcase classname="tests.test_interfaces.yaml.TestNapalmInterfaces" name="test_mtu[r09_3]" time="0.000" /><testcase classname="tests.test_interfaces.yaml.TestNapalmInterfaces" name="test_mtu[r10_0]" time="0.001" /><testcase classname="tests.test_interfaces.yaml.TestNapalmInterfaces" name="test_mtu[r10_1]" time="0.000" /><testcase classname="tests.test_interfaces.yaml.TestNapalmInterfaces" name="test_speed[r01_0]" time="0.000" /><testcase classname="tests.test_interfaces.yaml.TestNapalmInterfaces" name="test_speed[r01_1]" time="0.000" /><testcase classname="tests.test_interfaces.yaml.TestNapalmInterfaces" name="test_speed[r02_0]" time="0.000" /><testcase classname="tests.test_interfaces.yaml.TestNapalmInterfaces" name="test_speed[r02_1]" time="0.000" /><testcase classname="tests.test_interfaces.yaml.TestNapalmInterfaces" name="test_speed[r02_2]" time="0.000" /><testcase classname="tests.test_interfaces.yaml.TestNapalmInterfaces" name="test_speed[r02_3]" time="0.000" /><testcase classname="tests.test_interfaces.yaml.TestNapalmInterfaces" name="test_speed[r02_4]" time="0.000" /><testcase classname="tests.test_interfaces.yaml.TestNapalmInterfaces" name="test_speed[r03_0]" time="0.000" /><testcase classname="tests.test_interfaces.yaml.TestNapalmInterfaces" name="test_speed[r03_1]" time="0.000" /><testcase classname="tests.test_interfaces.yaml.TestNapalmInterfaces" name="test_speed[r03_2]" time="0.000" /><testcase classname="tests.test_interfaces.yaml.TestNapalmInterfaces" name="test_speed[r03_3]" time="0.000" /><testcase classname="tests.test_interfaces.yaml.TestNapalmInterfaces" name="test_speed[r03_4]" time="0.000" /><testcase classname="tests.test_interfaces.yaml.TestNapalmInterfaces" name="test_speed[r04_0]" time="0.000" /><testcase classname="tests.test_interfaces.yaml.TestNapalmInterfaces" name="test_speed[r04_1]" time="0.000" /><testcase classname="tests.test_interfaces.yaml.TestNapalmInterfaces" name="test_speed[r04_2]" time="0.000" /><testcase classname="tests.test_interfaces.yaml.TestNapalmInterfaces" name="test_speed[r04_3]" time="0.000" /><testcase classname="tests.test_interfaces.yaml.TestNapalmInterfaces" name="test_speed[r04_4]" time="0.001" /><testcase classname="tests.test_interfaces.yaml.TestNapalmInterfaces" name="test_speed[r05_0]" time="0.000" /><testcase classname="tests.test_interfaces.yaml.TestNapalmInterfaces" name="test_speed[r05_1]" time="0.000" /><testcase classname="tests.test_interfaces.yaml.TestNapalmInterfaces" name="test_speed[r05_2]" time="0.000" /><testcase classname="tests.test_interfaces.yaml.TestNapalmInterfaces" name="test_speed[r05_3]" time="0.000" /><testcase classname="tests.test_interfaces.yaml.TestNapalmInterfaces" name="test_speed[r05_4]" time="0.000" /><testcase classname="tests.test_interfaces.yaml.TestNapalmInterfaces" name="test_speed[r06_0]" time="0.000" /><testcase classname="tests.test_interfaces.yaml.TestNapalmInterfaces" name="test_speed[r06_1]" time="0.001" /><testcase classname="tests.test_interfaces.yaml.TestNapalmInterfaces" name="test_speed[r06_2]" time="0.000" /><testcase classname="tests.test_interfaces.yaml.TestNapalmInterfaces" name="test_speed[r07_0]" time="0.001" /><testcase classname="tests.test_interfaces.yaml.TestNapalmInterfaces" name="test_speed[r07_1]" time="0.001" /><testcase classname="tests.test_interfaces.yaml.TestNapalmInterfaces" name="test_speed[r07_2]" time="0.000" /><testcase classname="tests.test_interfaces.yaml.TestNapalmInterfaces" name="test_speed[r08_0]" time="0.000" /><testcase classname="tests.test_interfaces.yaml.TestNapalmInterfaces" name="test_speed[r08_1]" time="0.001" /><testcase classname="tests.test_interfaces.yaml.TestNapalmInterfaces" name="test_speed[r08_2]" time="0.001" /><testcase classname="tests.test_interfaces.yaml.TestNapalmInterfaces" name="test_speed[r08_3]" time="0.000" /><testcase classname="tests.test_interfaces.yaml.TestNapalmInterfaces" name="test_speed[r09_0]" time="0.000" /><testcase classname="tests.test_interfaces.yaml.TestNapalmInterfaces" name="test_speed[r09_1]" time="0.000" /><testcase classname="tests.test_interfaces.yaml.TestNapalmInterfaces" name="test_speed[r09_2]" time="0.000" /><testcase classname="tests.test_interfaces.yaml.TestNapalmInterfaces" name="test_speed[r09_3]" time="0.000" /><testcase classname="tests.test_interfaces.yaml.TestNapalmInterfaces" name="test_speed[r10_0]" time="0.000" /><testcase classname="tests.test_interfaces.yaml.TestNapalmInterfaces" name="test_speed[r10_1]" time="0.002" /><testcase classname="tests.test_lldp_neighbors.yaml.TestNapalmLldpNeighbors" name="test_remote_host[r01_0]" time="0.042" /><testcase classname="tests.test_lldp_neighbors.yaml.TestNapalmLldpNeighbors" name="test_remote_host[r01_1]" time="0.000" /><testcase classname="tests.test_lldp_neighbors.yaml.TestNapalmLldpNeighbors" name="test_remote_host[r02_0]" time="0.001" /><testcase classname="tests.test_lldp_neighbors.yaml.TestNapalmLldpNeighbors" name="test_remote_host[r02_1]" time="0.000" /><testcase classname="tests.test_lldp_neighbors.yaml.TestNapalmLldpNeighbors" name="test_remote_host[r02_2]" time="0.000" /><testcase classname="tests.test_lldp_neighbors.yaml.TestNapalmLldpNeighbors" name="test_remote_host[r02_3]" time="0.000" /><testcase classname="tests.test_lldp_neighbors.yaml.TestNapalmLldpNeighbors" name="test_remote_host[r02_4]" time="0.000" /><testcase classname="tests.test_lldp_neighbors.yaml.TestNapalmLldpNeighbors" name="test_remote_host[r03_0]" time="0.000" /><testcase classname="tests.test_lldp_neighbors.yaml.TestNapalmLldpNeighbors" name="test_remote_host[r03_1]" time="0.000" /><testcase classname="tests.test_lldp_neighbors.yaml.TestNapalmLldpNeighbors" name="test_remote_host[r03_2]" time="0.000" /><testcase classname="tests.test_lldp_neighbors.yaml.TestNapalmLldpNeighbors" name="test_remote_host[r03_3]" time="0.000" /><testcase classname="tests.test_lldp_neighbors.yaml.TestNapalmLldpNeighbors" name="test_remote_host[r03_4]" time="0.000" /><testcase classname="tests.test_lldp_neighbors.yaml.TestNapalmLldpNeighbors" name="test_remote_host[r04_0]" time="0.000" /><testcase classname="tests.test_lldp_neighbors.yaml.TestNapalmLldpNeighbors" name="test_remote_host[r04_1]" time="0.000" /><testcase classname="tests.test_lldp_neighbors.yaml.TestNapalmLldpNeighbors" name="test_remote_host[r04_2]" time="0.000" /><testcase classname="tests.test_lldp_neighbors.yaml.TestNapalmLldpNeighbors" name="test_remote_host[r04_3]" time="0.000" /><testcase classname="tests.test_lldp_neighbors.yaml.TestNapalmLldpNeighbors" name="test_remote_host[r04_4]" time="0.000" /><testcase classname="tests.test_lldp_neighbors.yaml.TestNapalmLldpNeighbors" name="test_remote_host[r05_0]" time="0.000" /><testcase classname="tests.test_lldp_neighbors.yaml.TestNapalmLldpNeighbors" name="test_remote_host[r05_1]" time="0.000" /><testcase classname="tests.test_lldp_neighbors.yaml.TestNapalmLldpNeighbors" name="test_remote_host[r05_2]" time="0.000" /><testcase classname="tests.test_lldp_neighbors.yaml.TestNapalmLldpNeighbors" name="test_remote_host[r05_3]" time="0.001" /><testcase classname="tests.test_lldp_neighbors.yaml.TestNapalmLldpNeighbors" name="test_remote_host[r05_4]" time="0.000" /><testcase classname="tests.test_lldp_neighbors.yaml.TestNapalmLldpNeighbors" name="test_remote_host[r06_0]" time="0.001" /><testcase classname="tests.test_lldp_neighbors.yaml.TestNapalmLldpNeighbors" name="test_remote_host[r06_1]" time="0.000" /><testcase classname="tests.test_lldp_neighbors.yaml.TestNapalmLldpNeighbors" name="test_remote_host[r06_2]" time="0.000" /><testcase classname="tests.test_lldp_neighbors.yaml.TestNapalmLldpNeighbors" name="test_remote_host[r07_0]" time="0.000" /><testcase classname="tests.test_lldp_neighbors.yaml.TestNapalmLldpNeighbors" name="test_remote_host[r07_1]" time="0.000" /><testcase classname="tests.test_lldp_neighbors.yaml.TestNapalmLldpNeighbors" name="test_remote_host[r07_2]" time="0.000" /><testcase classname="tests.test_lldp_neighbors.yaml.TestNapalmLldpNeighbors" name="test_remote_host[r08_0]" time="0.000" /><testcase classname="tests.test_lldp_neighbors.yaml.TestNapalmLldpNeighbors" name="test_remote_host[r08_1]" time="0.000" /><testcase classname="tests.test_lldp_neighbors.yaml.TestNapalmLldpNeighbors" name="test_remote_host[r08_2]" time="0.000" /><testcase classname="tests.test_lldp_neighbors.yaml.TestNapalmLldpNeighbors" name="test_remote_host[r08_3]" time="0.001" /><testcase classname="tests.test_lldp_neighbors.yaml.TestNapalmLldpNeighbors" name="test_remote_host[r09_0]" time="0.000" /><testcase classname="tests.test_lldp_neighbors.yaml.TestNapalmLldpNeighbors" name="test_remote_host[r09_1]" time="0.000" /><testcase classname="tests.test_lldp_neighbors.yaml.TestNapalmLldpNeighbors" name="test_remote_host[r09_2]" time="0.000" /><testcase classname="tests.test_lldp_neighbors.yaml.TestNapalmLldpNeighbors" name="test_remote_host[r09_3]" time="0.000" /><testcase classname="tests.test_lldp_neighbors.yaml.TestNapalmLldpNeighbors" name="test_remote_host[r10_0]" time="0.000" /><testcase classname="tests.test_lldp_neighbors.yaml.TestNapalmLldpNeighbors" name="test_remote_host[r10_1]" time="0.000" /><testcase classname="tests.test_lldp_neighbors.yaml.TestNapalmLldpNeighbors" name="test_remote_port[r01_0]" time="0.000" /><testcase classname="tests.test_lldp_neighbors.yaml.TestNapalmLldpNeighbors" name="test_remote_port[r01_1]" time="0.000" /><testcase classname="tests.test_lldp_neighbors.yaml.TestNapalmLldpNeighbors" name="test_remote_port[r02_0]" time="0.000" /><testcase classname="tests.test_lldp_neighbors.yaml.TestNapalmLldpNeighbors" name="test_remote_port[r02_1]" time="0.000" /><testcase classname="tests.test_lldp_neighbors.yaml.TestNapalmLldpNeighbors" name="test_remote_port[r02_2]" time="0.000" /><testcase classname="tests.test_lldp_neighbors.yaml.TestNapalmLldpNeighbors" name="test_remote_port[r02_3]" time="0.000" /><testcase classname="tests.test_lldp_neighbors.yaml.TestNapalmLldpNeighbors" name="test_remote_port[r02_4]" time="0.000" /><testcase classname="tests.test_lldp_neighbors.yaml.TestNapalmLldpNeighbors" name="test_remote_port[r03_0]" time="0.000" /><testcase classname="tests.test_lldp_neighbors.yaml.TestNapalmLldpNeighbors" name="test_remote_port[r03_1]" time="0.001" /><testcase classname="tests.test_lldp_neighbors.yaml.TestNapalmLldpNeighbors" name="test_remote_port[r03_2]" time="0.000" /><testcase classname="tests.test_lldp_neighbors.yaml.TestNapalmLldpNeighbors" name="test_remote_port[r03_3]" time="0.000" /><testcase classname="tests.test_lldp_neighbors.yaml.TestNapalmLldpNeighbors" name="test_remote_port[r03_4]" time="0.000" /><testcase classname="tests.test_lldp_neighbors.yaml.TestNapalmLldpNeighbors" name="test_remote_port[r04_0]" time="0.000" /><testcase classname="tests.test_lldp_neighbors.yaml.TestNapalmLldpNeighbors" name="test_remote_port[r04_1]" time="0.000" /><testcase classname="tests.test_lldp_neighbors.yaml.TestNapalmLldpNeighbors" name="test_remote_port[r04_2]" time="0.000" /><testcase classname="tests.test_lldp_neighbors.yaml.TestNapalmLldpNeighbors" name="test_remote_port[r04_3]" time="0.000" /><testcase classname="tests.test_lldp_neighbors.yaml.TestNapalmLldpNeighbors" name="test_remote_port[r04_4]" time="0.000" /><testcase classname="tests.test_lldp_neighbors.yaml.TestNapalmLldpNeighbors" name="test_remote_port[r05_0]" time="0.001" /><testcase classname="tests.test_lldp_neighbors.yaml.TestNapalmLldpNeighbors" name="test_remote_port[r05_1]" time="0.000" /><testcase classname="tests.test_lldp_neighbors.yaml.TestNapalmLldpNeighbors" name="test_remote_port[r05_2]" time="0.000" /><testcase classname="tests.test_lldp_neighbors.yaml.TestNapalmLldpNeighbors" name="test_remote_port[r05_3]" time="0.000" /><testcase classname="tests.test_lldp_neighbors.yaml.TestNapalmLldpNeighbors" name="test_remote_port[r05_4]" time="0.000" /><testcase classname="tests.test_lldp_neighbors.yaml.TestNapalmLldpNeighbors" name="test_remote_port[r06_0]" time="0.000" /><testcase classname="tests.test_lldp_neighbors.yaml.TestNapalmLldpNeighbors" name="test_remote_port[r06_1]" time="0.000" /><testcase classname="tests.test_lldp_neighbors.yaml.TestNapalmLldpNeighbors" name="test_remote_port[r06_2]" time="0.000" /><testcase classname="tests.test_lldp_neighbors.yaml.TestNapalmLldpNeighbors" name="test_remote_port[r07_0]" time="0.000" /><testcase classname="tests.test_lldp_neighbors.yaml.TestNapalmLldpNeighbors" name="test_remote_port[r07_1]" time="0.000" /><testcase classname="tests.test_lldp_neighbors.yaml.TestNapalmLldpNeighbors" name="test_remote_port[r07_2]" time="0.000" /><testcase classname="tests.test_lldp_neighbors.yaml.TestNapalmLldpNeighbors" name="test_remote_port[r08_0]" time="0.000" /><testcase classname="tests.test_lldp_neighbors.yaml.TestNapalmLldpNeighbors" name="test_remote_port[r08_1]" time="0.000" /><testcase classname="tests.test_lldp_neighbors.yaml.TestNapalmLldpNeighbors" name="test_remote_port[r08_2]" time="0.001" /><testcase classname="tests.test_lldp_neighbors.yaml.TestNapalmLldpNeighbors" name="test_remote_port[r08_3]" time="0.000" /><testcase classname="tests.test_lldp_neighbors.yaml.TestNapalmLldpNeighbors" name="test_remote_port[r09_0]" time="0.000" /><testcase classname="tests.test_lldp_neighbors.yaml.TestNapalmLldpNeighbors" name="test_remote_port[r09_1]" time="0.000" /><testcase classname="tests.test_lldp_neighbors.yaml.TestNapalmLldpNeighbors" name="test_remote_port[r09_2]" time="0.000" /><testcase classname="tests.test_lldp_neighbors.yaml.TestNapalmLldpNeighbors" name="test_remote_port[r09_3]" time="0.000" /><testcase classname="tests.test_lldp_neighbors.yaml.TestNapalmLldpNeighbors" name="test_remote_port[r10_0]" time="0.000" /><testcase classname="tests.test_lldp_neighbors.yaml.TestNapalmLldpNeighbors" name="test_remote_port[r10_1]" time="0.001" /><testcase classname="tests.test_lldp_neighbors_demo.yaml.TestNapalmLldpNeighborsCount" name="test_neighbor_count[r02_]" time="0.020" /></testsuite></testsuites>